Creating log file C:\ece587\dap\top_map_xpa.log.
Loading device for application Rf_Device from file '3s100e.nph' in environment
C:\Xilinx\13.2\ISE_DS\ISE\.
   "top" is an NCD, version 3.2, device xc3s100e, package tq144, speed -4

INFO:Power:1693 - 
   --------------------------------------------------------------
                         The power estimate will be calculated using PRODUCTION
   data.
   --------------------------------------------------------------

Design load 20% completeERROR:Power:1488 - The loaded design, "C:/ece587/dap/top_map.ncd", appears to be
   a post-map NCD file without any routing information and thus will lead to
   inaccurate or incorrect power and thermal analysis results.  Please reload
   this design with a post-place and route (post-par) NCD file in order to
   perform an accurate power analysis.
WARNING:Power:305 - No voltage source data available.
WARNING:Power:305 - No voltage source data available.
WARNING:Power:305 - No voltage source data available.
WARNING:Power:305 - No voltage source data available.
WARNING:Power:305 - No voltage source data available.
WARNING:Power:305 - No voltage source data available.
WARNING:Power:305 - No voltage source data available.
WARNING:Power:305 - No voltage source data available.
WARNING:Power:305 - No voltage source data available.
WARNING:Power:305 - No voltage source data available.
WARNING:Power:305 - No voltage source data available.
WARNING:Power:305 - No voltage source data available.
WARNING:Power:305 - No voltage source data available.
WARNING:Power:305 - No voltage source data available.
WARNING:Power:305 - No voltage source data available.
WARNING:Power:305 - No voltage source data available.
WARNING:Power:305 - No voltage source data available.
WARNING:Power:305 - No voltage source data available.
WARNING:Power:305 - No voltage source data available.
WARNING:Power:305 - No voltage source data available.
WARNING:Power:305 - No voltage source data available.
WARNING:Power:305 - No voltage source data available.
WARNING:Power:305 - No voltage source data available.
WARNING:Power:305 - No voltage source data available.
WARNING:Power:305 - No voltage source data available.
WARNING:Power:305 - No voltage source data available.
WARNING:Power:305 - No voltage source data available.
WARNING:Power:305 - No voltage source data available.
